2025-03-28T19:12:10.355+0900 [DEBUG] [org.gradle.launcher.daemon.bootstrap.DaemonMain] Assuming the daemon was started with following jvm opts: [-XX:MaxMetaspaceSize=384m, -XX:+HeapDumpOnOutOfMemoryError, -Xms256m, -Xmx512m, -Dfile.encoding=UTF-8, -Duser.country=KR, -Duser.language=ko, -Duser.variant]
2025-03-28T19:12:10.832+0900 [DEBUG] [org.gradle.internal.remote.internal.inet.InetAddresses] Adding IP addresses for network interface Software Loopback Interface 1
2025-03-28T19:12:10.836+0900 [DEBUG] [org.gradle.internal.remote.internal.inet.InetAddresses] Is this a loopback interface? true
2025-03-28T19:12:10.846+0900 [DEBUG] [org.gradle.internal.remote.internal.inet.InetAddresses] Adding loopback address /127.0.0.1
2025-03-28T19:12:10.847+0900 [DEBUG] [org.gradle.internal.remote.internal.inet.InetAddresses] Adding loopback address /0:0:0:0:0:0:0:1
2025-03-28T19:12:10.847+0900 [DEBUG] [org.gradle.internal.remote.internal.inet.InetAddresses] Adding IP addresses for network interface Microsoft 6to4 Adapter
2025-03-28T19:12:10.850+0900 [DEBUG] [org.gradle.internal.remote.internal.inet.InetAddresses] Is this a loopback interface? false
2025-03-28T19:12:10.851+0900 [DEBUG] [org.gradle.internal.remote.internal.inet.InetAddresses] Adding IP addresses for network interface WAN Miniport (L2TP)
2025-03-28T19:12:10.853+0900 [DEBUG] [org.gradle.internal.remote.internal.inet.InetAddresses] Is this a loopback interface? false
2025-03-28T19:12:10.854+0900 [DEBUG] [org.gradle.internal.remote.internal.inet.InetAddresses] Adding IP addresses for network interface WAN Miniport (PPPOE)
2025-03-28T19:12:10.856+0900 [DEBUG] [org.gradle.internal.remote.internal.inet.InetAddresses] Is this a loopback interface? false
2025-03-28T19:12:10.857+0900 [DEBUG] [org.gradle.internal.remote.internal.inet.InetAddresses] Adding IP addresses for network interface Microsoft IP-HTTPS Platform Adapter
2025-03-28T19:12:10.861+0900 [DEBUG] [org.gradle.internal.remote.internal.inet.InetAddresses] Is this a loopback interface? false
2025-03-28T19:12:10.861+0900 [DEBUG] [org.gradle.internal.remote.internal.inet.InetAddresses] Adding IP addresses for network interface VMware Virtual Ethernet Adapter for VMnet1
2025-03-28T19:12:10.865+0900 [DEBUG] [org.gradle.internal.remote.internal.inet.InetAddresses] Is this a loopback interface? false
2025-03-28T19:12:10.866+0900 [DEBUG] [org.gradle.internal.remote.internal.inet.InetAddresses] Adding remote address /192.168.177.1
2025-03-28T19:12:10.866+0900 [DEBUG] [org.gradle.internal.remote.internal.inet.InetAddresses] Adding remote address /fe80:0:0:0:ed91:2430:85ff:194f%eth0
2025-03-28T19:12:10.866+0900 [DEBUG] [org.gradle.internal.remote.internal.inet.InetAddresses] Adding IP addresses for network interface LogMeIn Hamachi Virtual Ethernet Adapter
2025-03-28T19:12:10.869+0900 [DEBUG] [org.gradle.internal.remote.internal.inet.InetAddresses] Is this a loopback interface? false
2025-03-28T19:12:10.869+0900 [DEBUG] [org.gradle.internal.remote.internal.inet.InetAddresses] Adding remote address /25.17.111.97
2025-03-28T19:12:10.870+0900 [DEBUG] [org.gradle.internal.remote.internal.inet.InetAddresses] Adding remote address /2620:9b:0:0:0:0:1911:6f61
2025-03-28T19:12:10.870+0900 [DEBUG] [org.gradle.internal.remote.internal.inet.InetAddresses] Adding remote address /fe80:0:0:0:72d9:2b29:9f0a:eb1c%eth1
2025-03-28T19:12:10.870+0900 [DEBUG] [org.gradle.internal.remote.internal.inet.InetAddresses] Adding IP addresses for network interface WAN Miniport (SSTP)
2025-03-28T19:12:10.873+0900 [DEBUG] [org.gradle.internal.remote.internal.inet.InetAddresses] Is this a loopback interface? false
2025-03-28T19:12:10.873+0900 [DEBUG] [org.gradle.internal.remote.internal.inet.InetAddresses] Adding IP addresses for network interface Wintun Userspace Tunnel
2025-03-28T19:12:10.876+0900 [DEBUG] [org.gradle.internal.remote.internal.inet.InetAddresses] Is this a loopback interface? false
2025-03-28T19:12:10.876+0900 [DEBUG] [org.gradle.internal.remote.internal.inet.InetAddresses] Adding remote address /fe80:0:0:0:254c:7e35:86c7:bf0c%net4
2025-03-28T19:12:10.877+0900 [DEBUG] [org.gradle.internal.remote.internal.inet.InetAddresses] Adding IP addresses for network interface WAN Miniport (PPTP)
2025-03-28T19:12:10.880+0900 [DEBUG] [org.gradle.internal.remote.internal.inet.InetAddresses] Is this a loopback interface? false
2025-03-28T19:12:10.881+0900 [DEBUG] [org.gradle.internal.remote.internal.inet.InetAddresses] Adding IP addresses for network interface Microsoft Teredo Tunneling Adapter
2025-03-28T19:12:10.885+0900 [DEBUG] [org.gradle.internal.remote.internal.inet.InetAddresses] Is this a loopback interface? false
2025-03-28T19:12:10.885+0900 [DEBUG] [org.gradle.internal.remote.internal.inet.InetAddresses] Adding IP addresses for network interface WAN Miniport (Network Monitor)
2025-03-28T19:12:10.889+0900 [DEBUG] [org.gradle.internal.remote.internal.inet.InetAddresses] Is this a loopback interface? false
2025-03-28T19:12:10.892+0900 [DEBUG] [org.gradle.internal.remote.internal.inet.InetAddresses] Adding IP addresses for network interface WAN Miniport (IP)
2025-03-28T19:12:10.897+0900 [DEBUG] [org.gradle.internal.remote.internal.inet.InetAddresses] Is this a loopback interface? false
2025-03-28T19:12:10.897+0900 [DEBUG] [org.gradle.internal.remote.internal.inet.InetAddresses] Adding IP addresses for network interface Microsoft Kernel Debug Network Adapter
2025-03-28T19:12:10.901+0900 [DEBUG] [org.gradle.internal.remote.internal.inet.InetAddresses] Is this a loopback interface? false
2025-03-28T19:12:10.902+0900 [DEBUG] [org.gradle.internal.remote.internal.inet.InetAddresses] Adding IP addresses for network interface WAN Miniport (IPv6)
2025-03-28T19:12:10.904+0900 [DEBUG] [org.gradle.internal.remote.internal.inet.InetAddresses] Is this a loopback interface? false
2025-03-28T19:12:10.905+0900 [DEBUG] [org.gradle.internal.remote.internal.inet.InetAddresses] Adding IP addresses for network interface Realtek PCIe GbE Family Controller
2025-03-28T19:12:10.907+0900 [DEBUG] [org.gradle.internal.remote.internal.inet.InetAddresses] Is this a loopback interface? false
2025-03-28T19:12:10.908+0900 [DEBUG] [org.gradle.internal.remote.internal.inet.InetAddresses] Adding remote address /192.168.0.129
2025-03-28T19:12:10.908+0900 [DEBUG] [org.gradle.internal.remote.internal.inet.InetAddresses] Adding IP addresses for network interface WAN Miniport (IKEv2)
2025-03-28T19:12:10.911+0900 [DEBUG] [org.gradle.internal.remote.internal.inet.InetAddresses] Is this a loopback interface? false
2025-03-28T19:12:10.911+0900 [DEBUG] [org.gradle.internal.remote.internal.inet.InetAddresses] Adding IP addresses for network interface VMware Virtual Ethernet Adapter for VMnet8
2025-03-28T19:12:10.913+0900 [DEBUG] [org.gradle.internal.remote.internal.inet.InetAddresses] Is this a loopback interface? false
2025-03-28T19:12:10.914+0900 [DEBUG] [org.gradle.internal.remote.internal.inet.InetAddresses] Adding remote address /192.168.175.1
2025-03-28T19:12:10.914+0900 [DEBUG] [org.gradle.internal.remote.internal.inet.InetAddresses] Adding remote address /fe80:0:0:0:b02e:b515:9319:8dd0%eth7
2025-03-28T19:12:10.915+0900 [DEBUG] [org.gradle.internal.remote.internal.inet.InetAddresses] Adding IP addresses for network interface LogMeIn Hamachi Virtual Ethernet Adapter-WFP Native MAC Layer LightWeight Filter-0000
2025-03-28T19:12:10.918+0900 [DEBUG] [org.gradle.internal.remote.internal.inet.InetAddresses] Is this a loopback interface? false
2025-03-28T19:12:10.918+0900 [DEBUG] [org.gradle.internal.remote.internal.inet.InetAddresses] Adding IP addresses for network interface LogMeIn Hamachi Virtual Ethernet Adapter-Nprotect Firewall Core Driver-0000
2025-03-28T19:12:10.921+0900 [DEBUG] [org.gradle.internal.remote.internal.inet.InetAddresses] Is this a loopback interface? false
2025-03-28T19:12:10.921+0900 [DEBUG] [org.gradle.internal.remote.internal.inet.InetAddresses] Adding IP addresses for network interface LogMeIn Hamachi Virtual Ethernet Adapter-WFP 802.3 MAC Layer LightWeight Filter-0000
2025-03-28T19:12:10.924+0900 [DEBUG] [org.gradle.internal.remote.internal.inet.InetAddresses] Is this a loopback interface? false
2025-03-28T19:12:10.924+0900 [DEBUG] [org.gradle.internal.remote.internal.inet.InetAddresses] Adding IP addresses for network interface Realtek PCIe GbE Family Controller-WFP Native MAC Layer LightWeight Filter-0000
2025-03-28T19:12:10.927+0900 [DEBUG] [org.gradle.internal.remote.internal.inet.InetAddresses] Is this a loopback interface? false
2025-03-28T19:12:10.927+0900 [DEBUG] [org.gradle.internal.remote.internal.inet.InetAddresses] Adding IP addresses for network interface Realtek PCIe GbE Family Controller-Nprotect Firewall Core Driver-0000
2025-03-28T19:12:10.929+0900 [DEBUG] [org.gradle.internal.remote.internal.inet.InetAddresses] Is this a loopback interface? false
2025-03-28T19:12:10.930+0900 [DEBUG] [org.gradle.internal.remote.internal.inet.InetAddresses] Adding IP addresses for network interface Realtek PCIe GbE Family Controller-QoS Packet Scheduler-0000
2025-03-28T19:12:10.932+0900 [DEBUG] [org.gradle.internal.remote.internal.inet.InetAddresses] Is this a loopback interface? false
2025-03-28T19:12:10.932+0900 [DEBUG] [org.gradle.internal.remote.internal.inet.InetAddresses] Adding IP addresses for network interface Realtek PCIe GbE Family Controller-WFP 802.3 MAC Layer LightWeight Filter-0000
2025-03-28T19:12:10.935+0900 [DEBUG] [org.gradle.internal.remote.internal.inet.InetAddresses] Is this a loopback interface? false
2025-03-28T19:12:10.935+0900 [DEBUG] [org.gradle.internal.remote.internal.inet.InetAddresses] Adding IP addresses for network interface WAN Miniport (IP)-WFP Native MAC Layer LightWeight Filter-0000
2025-03-28T19:12:10.938+0900 [DEBUG] [org.gradle.internal.remote.internal.inet.InetAddresses] Is this a loopback interface? false
2025-03-28T19:12:10.938+0900 [DEBUG] [org.gradle.internal.remote.internal.inet.InetAddresses] Adding IP addresses for network interface WAN Miniport (IP)-Nprotect Firewall Core Driver-0000
2025-03-28T19:12:10.941+0900 [DEBUG] [org.gradle.internal.remote.internal.inet.InetAddresses] Is this a loopback interface? false
2025-03-28T19:12:10.941+0900 [DEBUG] [org.gradle.internal.remote.internal.inet.InetAddresses] Adding IP addresses for network interface WAN Miniport (IP)-QoS Packet Scheduler-0000
2025-03-28T19:12:10.944+0900 [DEBUG] [org.gradle.internal.remote.internal.inet.InetAddresses] Is this a loopback interface? false
2025-03-28T19:12:10.944+0900 [DEBUG] [org.gradle.internal.remote.internal.inet.InetAddresses] Adding IP addresses for network interface WAN Miniport (IPv6)-WFP Native MAC Layer LightWeight Filter-0000
2025-03-28T19:12:10.948+0900 [DEBUG] [org.gradle.internal.remote.internal.inet.InetAddresses] Is this a loopback interface? false
2025-03-28T19:12:10.948+0900 [DEBUG] [org.gradle.internal.remote.internal.inet.InetAddresses] Adding IP addresses for network interface WAN Miniport (IPv6)-Nprotect Firewall Core Driver-0000
2025-03-28T19:12:10.951+0900 [DEBUG] [org.gradle.internal.remote.internal.inet.InetAddresses] Is this a loopback interface? false
2025-03-28T19:12:10.951+0900 [DEBUG] [org.gradle.internal.remote.internal.inet.InetAddresses] Adding IP addresses for network interface WAN Miniport (IPv6)-QoS Packet Scheduler-0000
2025-03-28T19:12:10.955+0900 [DEBUG] [org.gradle.internal.remote.internal.inet.InetAddresses] Is this a loopback interface? false
2025-03-28T19:12:10.956+0900 [DEBUG] [org.gradle.internal.remote.internal.inet.InetAddresses] Adding IP addresses for network interface WAN Miniport (Network Monitor)-WFP Native MAC Layer LightWeight Filter-0000
2025-03-28T19:12:10.959+0900 [DEBUG] [org.gradle.internal.remote.internal.inet.InetAddresses] Is this a loopback interface? false
2025-03-28T19:12:10.960+0900 [DEBUG] [org.gradle.internal.remote.internal.inet.InetAddresses] Adding IP addresses for network interface WAN Miniport (Network Monitor)-Nprotect Firewall Core Driver-0000
2025-03-28T19:12:10.963+0900 [DEBUG] [org.gradle.internal.remote.internal.inet.InetAddresses] Is this a loopback interface? false
2025-03-28T19:12:10.963+0900 [DEBUG] [org.gradle.internal.remote.internal.inet.InetAddresses] Adding IP addresses for network interface WAN Miniport (Network Monitor)-QoS Packet Scheduler-0000
2025-03-28T19:12:10.967+0900 [DEBUG] [org.gradle.internal.remote.internal.inet.InetAddresses] Is this a loopback interface? false
2025-03-28T19:12:11.042+0900 [DEBUG] [org.gradle.internal.nativeintegration.services.NativeServices] Native-platform posix files integration is not available. Continuing with fallback.
2025-03-28T19:12:11.104+0900 [INFO] [org.gradle.launcher.daemon.server.Daemon] start() called on daemon - DefaultDaemonContext[uid=0d6cbf47-6de7-418b-b7b9-f91f5403bbf4,javaHome=C:\Program Files\Java\jdk-11,javaVersion=11,javaVendor=Oracle Corporation,daemonRegistryDir=C:\workspaceLinux\ori\Board\.gradle\daemon,pid=4744,idleTimeout=10800000,priority=NORMAL,applyInstrumentationAgent=true,nativeServicesMode=ENABLED,daemonOpts=-XX:MaxMetaspaceSize=384m,-XX:+HeapDumpOnOutOfMemoryError,-Xms256m,-Xmx512m,-Dfile.encoding=UTF-8,-Duser.country=KR,-Duser.language=ko,-Duser.variant]
2025-03-28T19:12:11.476+0900 [DEBUG] [org.gradle.internal.remote.internal.inet.TcpIncomingConnector] Listening on [d5565c20-c000-4527-87a0-2a432ff3bd51 port:61810, addresses:[localhost/127.0.0.1]].
2025-03-28T19:12:11.491+0900 [DEBUG] [org.gradle.launcher.daemon.server.Daemon] Daemon starting at: Fri Mar 28 19:12:11 KST 2025, with address: [d5565c20-c000-4527-87a0-2a432ff3bd51 port:61810, addresses:[localhost/127.0.0.1]]
2025-03-28T19:12:11.491+0900 [INFO] [org.gradle.launcher.daemon.server.DaemonRegistryUpdater] Advertising the daemon address to the clients: [d5565c20-c000-4527-87a0-2a432ff3bd51 port:61810, addresses:[localhost/127.0.0.1]]
2025-03-28T19:12:11.491+0900 [DEBUG] [org.gradle.launcher.daemon.server.DaemonRegistryUpdater] Advertised daemon context: DefaultDaemonContext[uid=0d6cbf47-6de7-418b-b7b9-f91f5403bbf4,javaHome=C:\Program Files\Java\jdk-11,javaVersion=11,javaVendor=Oracle Corporation,daemonRegistryDir=C:\workspaceLinux\ori\Board\.gradle\daemon,pid=4744,idleTimeout=10800000,priority=NORMAL,applyInstrumentationAgent=true,nativeServicesMode=ENABLED,daemonOpts=-XX:MaxMetaspaceSize=384m,-XX:+HeapDumpOnOutOfMemoryError,-Xms256m,-Xmx512m,-Dfile.encoding=UTF-8,-Duser.country=KR,-Duser.language=ko,-Duser.variant]
2025-03-28T19:12:11.496+0900 [DEBUG] [org.gradle.launcher.daemon.registry.PersistentDaemonRegistry] Storing daemon address: [d5565c20-c000-4527-87a0-2a432ff3bd51 port:61810, addresses:[localhost/127.0.0.1]], context: DefaultDaemonContext[uid=0d6cbf47-6de7-418b-b7b9-f91f5403bbf4,javaHome=C:\Program Files\Java\jdk-11,javaVersion=11,javaVendor=Oracle Corporation,daemonRegistryDir=C:\workspaceLinux\ori\Board\.gradle\daemon,pid=4744,idleTimeout=10800000,priority=NORMAL,applyInstrumentationAgent=true,nativeServicesMode=ENABLED,daemonOpts=-XX:MaxMetaspaceSize=384m,-XX:+HeapDumpOnOutOfMemoryError,-Xms256m,-Xmx512m,-Dfile.encoding=UTF-8,-Duser.country=KR,-Duser.language=ko,-Duser.variant]
2025-03-28T19:12:11.579+0900 [DEBUG] [org.gradle.cache.internal.DefaultFileLockManager] Waiting to acquire exclusive lock on daemon addresses registry.
2025-03-28T19:12:11.585+0900 [DEBUG] [org.gradle.cache.internal.DefaultFileLockManager] Lock acquired on daemon addresses registry.
2025-03-28T19:12:11.595+0900 [DEBUG] [org.gradle.cache.internal.DefaultFileLockManager] Releasing lock on daemon addresses registry.
2025-03-28T19:12:11.596+0900 [LIFECYCLE] [org.gradle.launcher.daemon.server.Daemon] Daemon server started.
2025-03-28T19:12:11.598+0900 [DEBUG] [org.gradle.launcher.daemon.bootstrap.DaemonStartupCommunication] Completed writing the daemon greeting. Closing streams...
2025-03-28T19:12:11.617+0900 [DEBUG] [org.gradle.launcher.daemon.server.Daemon] stopOnExpiration() called on daemon
2025-03-28T19:12:11.620+0900 [DEBUG] [org.gradle.launcher.daemon.server.Daemon] awaitExpiration() called on daemon
2025-03-28T19:12:11.621+0900 [DEBUG] [org.gradle.launcher.daemon.server.DaemonStateCoordinator] daemon is running. Sleeping until state changes.
2025-03-28T19:12:11.640+0900 [DEBUG] [org.gradle.internal.remote.internal.inet.TcpIncomingConnector] Accepted connection from /127.0.0.1:61811 to /127.0.0.1:61810.
2025-03-28T19:12:12.007+0900 [DEBUG] [org.gradle.launcher.daemon.server.SynchronizedDispatchConnection] thread 19: received class org.gradle.launcher.daemon.protocol.Build
2025-03-28T19:12:12.008+0900 [DEBUG] [org.gradle.launcher.daemon.server.DefaultDaemonConnection] thread 19: Received non-IO message from client: Build{id=21442eb8-276f-4a47-89a6-4b646e84e8d5, currentDir=C:\Users\conja\Downloads\sts-4.29.0.RELEASE}
2025-03-28T19:12:12.008+0900 [INFO] [org.gradle.launcher.daemon.server.DefaultIncomingConnectionHandler] Received command: Build{id=21442eb8-276f-4a47-89a6-4b646e84e8d5, currentDir=C:\Users\conja\Downloads\sts-4.29.0.RELEASE}.
2025-03-28T19:12:12.008+0900 [DEBUG] [org.gradle.launcher.daemon.server.DefaultIncomingConnectionHandler] Starting executing command: Build{id=21442eb8-276f-4a47-89a6-4b646e84e8d5, currentDir=C:\Users\conja\Downloads\sts-4.29.0.RELEASE} with connection: socket connection from /127.0.0.1:61810 to /127.0.0.1:61811.
2025-03-28T19:12:12.015+0900 [DEBUG] [org.gradle.launcher.daemon.server.DaemonStateCoordinator] Command execution: started DaemonCommandExecution[command = Build{id=21442eb8-276f-4a47-89a6-4b646e84e8d5, currentDir=C:\Users\conja\Downloads\sts-4.29.0.RELEASE}, connection = DefaultDaemonConnection: socket connection from /127.0.0.1:61810 to /127.0.0.1:61811] after 0.009666666666666665 minutes of idle
2025-03-28T19:12:12.015+0900 [INFO] [org.gradle.launcher.daemon.server.DaemonRegistryUpdater] Marking the daemon as busy, address: [d5565c20-c000-4527-87a0-2a432ff3bd51 port:61810, addresses:[localhost/127.0.0.1]]
2025-03-28T19:12:12.015+0900 [DEBUG] [org.gradle.launcher.daemon.registry.PersistentDaemonRegistry] Marking busy by address: [d5565c20-c000-4527-87a0-2a432ff3bd51 port:61810, addresses:[localhost/127.0.0.1]]
2025-03-28T19:12:12.017+0900 [DEBUG] [org.gradle.cache.internal.DefaultFileLockManager] Waiting to acquire exclusive lock on daemon addresses registry.
2025-03-28T19:12:12.018+0900 [DEBUG] [org.gradle.cache.internal.DefaultFileLockManager] Lock acquired on daemon addresses registry.
2025-03-28T19:12:12.020+0900 [DEBUG] [org.gradle.cache.internal.DefaultFileLockManager] Releasing lock on daemon addresses registry.
2025-03-28T19:12:12.020+0900 [DEBUG] [org.gradle.launcher.daemon.server.DaemonStateCoordinator] resetting idle timer
2025-03-28T19:12:12.021+0900 [DEBUG] [org.gradle.launcher.daemon.server.DaemonStateCoordinator] daemon is running. Sleeping until state changes.
2025-03-28T19:12:12.022+0900 [INFO] [org.gradle.launcher.daemon.server.exec.StartBuildOrRespondWithBusy] Daemon is about to start building Build{id=21442eb8-276f-4a47-89a6-4b646e84e8d5, currentDir=C:\Users\conja\Downloads\sts-4.29.0.RELEASE}. Dispatching build started information...
2025-03-28T19:12:12.022+0900 [DEBUG] [org.gradle.launcher.daemon.server.SynchronizedDispatchConnection] thread 21: dispatching org.gradle.launcher.daemon.protocol.BuildStarted@234b2cf
2025-03-28T19:12:12.026+0900 [DEBUG] [org.gradle.launcher.daemon.server.exec.EstablishBuildEnvironment] Configuring env variables: [USERDOMAIN_ROAMINGPROFILE, LOCALAPPDATA, PROCESSOR_LEVEL, USERDOMAIN, LOGONSERVER, JAVA_HOME, SESSIONNAME, ALLUSERSPROFILE, PROCESSOR_ARCHITECTURE, PSModulePath, SystemDrive, OneDrive, APPDATA, USERNAME, ProgramFiles(x86), CommonProgramFiles, Path, PATHEXT, DriverData, OS, OneDriveConsumer, COMPUTERNAME, PROCESSOR_REVISION, CommonProgramW6432, ComSpec, ProgramData, ProgramW6432, __PSLockDownPolicy, HOMEPATH, SystemRoot, TEMP, HOMEDRIVE, PROCESSOR_IDENTIFIER, USERPROFILE, TMP, CommonProgramFiles(x86), ProgramFiles, PUBLIC, NUMBER_OF_PROCESSORS, windir, =::]
2025-03-28T19:12:12.038+0900 [DEBUG] [org.gradle.launcher.daemon.server.exec.LogToClient] About to start relaying all logs to the client via the connection.
2025-03-28T19:12:12.039+0900 [INFO] [org.gradle.launcher.daemon.server.exec.LogToClient] The client will now receive all logging from the daemon (pid: 4744). The daemon log file: C:\workspaceLinux\ori\Board\.gradle\daemon\8.13\daemon-4744.out.log
2025-03-28T19:12:12.043+0900 [INFO] [org.gradle.launcher.daemon.server.exec.LogAndCheckHealth] Starting build in new daemon [memory: 512 MiB]
2025-03-28T19:12:12.049+0900 [DEBUG] [org.gradle.launcher.daemon.server.exec.ExecuteBuild] The daemon has started executing the build.
2025-03-28T19:12:12.050+0900 [DEBUG] [org.gradle.launcher.daemon.server.exec.ExecuteBuild] Executing build with daemon context: DefaultDaemonContext[uid=0d6cbf47-6de7-418b-b7b9-f91f5403bbf4,javaHome=C:\Program Files\Java\jdk-11,javaVersion=11,javaVendor=Oracle Corporation,daemonRegistryDir=C:\workspaceLinux\ori\Board\.gradle\daemon,pid=4744,idleTimeout=10800000,priority=NORMAL,applyInstrumentationAgent=true,nativeServicesMode=ENABLED,daemonOpts=-XX:MaxMetaspaceSize=384m,-XX:+HeapDumpOnOutOfMemoryError,-Xms256m,-Xmx512m,-Dfile.encoding=UTF-8,-Duser.country=KR,-Duser.language=ko,-Duser.variant]

[Incubating] Problems report is available at: file:///C:/workspaceLinux/ori/Board/build/reports/problems/problems-report.html

Deprecated Gradle features were used in this build, making it incompatible with Gradle 9.0.

You can use '--warning-mode all' to show the individual deprecation warnings and determine if they come from your own scripts or plugins.

For more on this, please refer to https://docs.gradle.org/8.13/userguide/command_line_interface.html#sec:command_line_warnings in the Gradle documentation.

BUILD SUCCESSFUL in 44s
2025-03-28T19:12:44.595+0900 [DEBUG] [org.gradle.launcher.daemon.server.exec.ExecuteBuild] The daemon has finished executing the build.
2025-03-28T19:12:44.619+0900 [DEBUG] [org.gradle.launcher.daemon.server.DaemonStateCoordinator] daemon is running. Sleeping until state changes.
2025-03-28T19:12:44.620+0900 [DEBUG] [org.gradle.launcher.daemon.server.DaemonStateCoordinator] Command execution: finished waiting for DaemonCommandExecution[command = Build{id=21442eb8-276f-4a47-89a6-4b646e84e8d5, currentDir=C:\Users\conja\Downloads\sts-4.29.0.RELEASE}, connection = DefaultDaemonConnection: socket connection from /127.0.0.1:61810 to /127.0.0.1:61811]. Result org.gradle.launcher.daemon.server.DaemonStateCoordinator@5c964979 with state Busy
2025-03-28T19:12:44.621+0900 [DEBUG] [org.gradle.launcher.daemon.server.DaemonStateCoordinator] Command execution: completed DaemonCommandExecution[command = Build{id=21442eb8-276f-4a47-89a6-4b646e84e8d5, currentDir=C:\Users\conja\Downloads\sts-4.29.0.RELEASE}, connection = DefaultDaemonConnection: socket connection from /127.0.0.1:61810 to /127.0.0.1:61811]
2025-03-28T19:12:44.621+0900 [DEBUG] [org.gradle.launcher.daemon.server.DaemonStateCoordinator] resetting idle timer
2025-03-28T19:12:44.622+0900 [INFO] [org.gradle.launcher.daemon.server.DaemonRegistryUpdater] Marking the daemon as idle, address: [d5565c20-c000-4527-87a0-2a432ff3bd51 port:61810, addresses:[localhost/127.0.0.1]]
2025-03-28T19:12:44.622+0900 [DEBUG] [org.gradle.launcher.daemon.registry.PersistentDaemonRegistry] Marking busy by address: [d5565c20-c000-4527-87a0-2a432ff3bd51 port:61810, addresses:[localhost/127.0.0.1]]
2025-03-28T19:12:44.627+0900 [DEBUG] [org.gradle.cache.internal.DefaultFileLockManager] Waiting to acquire exclusive lock on daemon addresses registry.
2025-03-28T19:12:44.628+0900 [DEBUG] [org.gradle.cache.internal.DefaultFileLockManager] Lock acquired on daemon addresses registry.
2025-03-28T19:12:44.632+0900 [DEBUG] [org.gradle.cache.internal.DefaultFileLockManager] Releasing lock on daemon addresses registry.
2025-03-28T19:12:44.634+0900 [DEBUG] [org.gradle.launcher.daemon.server.exec.ReturnResult] Daemon is dispatching the build result: Success[value=org.gradle.launcher.exec.BuildActionResult@3fb6b204]
2025-03-28T19:12:44.640+0900 [DEBUG] [org.gradle.launcher.daemon.server.SynchronizedDispatchConnection] thread 18: dispatching Success[value=org.gradle.launcher.exec.BuildActionResult@3fb6b204]
2025-03-28T19:12:44.639+0900 [DEBUG] [org.gradle.launcher.daemon.server.DaemonStateCoordinator] daemon is running. Sleeping until state changes.
2025-03-28T19:12:44.661+0900 [DEBUG] [org.gradle.launcher.daemon.server.exec.CleanUpVirtualFileSystemAfterBuild] Cleaning virtual file system after build finished
2025-03-28T19:12:44.661+0900 [DEBUG] [org.gradle.launcher.daemon.server.DefaultIncomingConnectionHandler] Finishing executing command: Build{id=21442eb8-276f-4a47-89a6-4b646e84e8d5, currentDir=C:\Users\conja\Downloads\sts-4.29.0.RELEASE}
2025-03-28T19:12:44.849+0900 [DEBUG] [org.gradle.launcher.daemon.server.SynchronizedDispatchConnection] thread 19: received class org.gradle.launcher.daemon.protocol.CloseInput
2025-03-28T19:12:44.850+0900 [DEBUG] [org.gradle.launcher.daemon.server.DefaultDaemonConnection] thread 19: Received IO message from client: org.gradle.launcher.daemon.protocol.CloseInput@7166d99b
2025-03-28T19:12:44.851+0900 [DEBUG] [org.gradle.launcher.daemon.server.SynchronizedDispatchConnection] thread 19: received class org.gradle.launcher.daemon.protocol.Finished
2025-03-28T19:12:44.852+0900 [DEBUG] [org.gradle.launcher.daemon.server.DefaultDaemonConnection] thread 19: Received non-IO message from client: org.gradle.launcher.daemon.protocol.Finished@3c127a4a
2025-03-28T19:12:44.852+0900 [DEBUG] [org.gradle.launcher.daemon.server.DefaultIncomingConnectionHandler] Received finished message: org.gradle.launcher.daemon.protocol.Finished@3c127a4a
2025-03-28T19:12:44.853+0900 [DEBUG] [org.gradle.launcher.daemon.server.SynchronizedDispatchConnection] thread 18: stopping connection
2025-03-28T19:12:44.854+0900 [DEBUG] [org.gradle.internal.remote.internal.inet.SocketConnection] Discarding EOFException: java.io.EOFException
2025-03-28T19:12:44.855+0900 [DEBUG] [org.gradle.launcher.daemon.server.SynchronizedDispatchConnection] thread 19: received null
2025-03-28T19:12:44.856+0900 [DEBUG] [org.gradle.launcher.daemon.server.DefaultDaemonConnection] thread 19: Received end-of-input from client.
2025-03-28T19:12:44.859+0900 [DEBUG] [org.gradle.launcher.daemon.server.SynchronizedDispatchConnection] thread 18: stopping connection
2025-03-28T19:12:45.098+0900 [DEBUG] [org.gradle.internal.remote.internal.inet.TcpIncomingConnector] Accepted connection from /127.0.0.1:61817 to /127.0.0.1:61810.
2025-03-28T19:12:45.107+0900 [DEBUG] [org.gradle.launcher.daemon.server.SynchronizedDispatchConnection] thread 97: received class org.gradle.launcher.daemon.protocol.Build
2025-03-28T19:12:45.108+0900 [DEBUG] [org.gradle.launcher.daemon.server.DefaultDaemonConnection] thread 97: Received non-IO message from client: Build{id=e6e854bf-75fe-4176-9f36-6995d6e2ef0c, currentDir=C:\Users\conja\Downloads\sts-4.29.0.RELEASE}
2025-03-28T19:12:45.108+0900 [INFO] [org.gradle.launcher.daemon.server.DefaultIncomingConnectionHandler] Received command: Build{id=e6e854bf-75fe-4176-9f36-6995d6e2ef0c, currentDir=C:\Users\conja\Downloads\sts-4.29.0.RELEASE}.
2025-03-28T19:12:45.108+0900 [DEBUG] [org.gradle.launcher.daemon.server.DefaultIncomingConnectionHandler] Starting executing command: Build{id=e6e854bf-75fe-4176-9f36-6995d6e2ef0c, currentDir=C:\Users\conja\Downloads\sts-4.29.0.RELEASE} with connection: socket connection from /127.0.0.1:61810 to /127.0.0.1:61817.
2025-03-28T19:12:45.109+0900 [DEBUG] [org.gradle.launcher.daemon.server.DaemonStateCoordinator] Command execution: started DaemonCommandExecution[command = Build{id=e6e854bf-75fe-4176-9f36-6995d6e2ef0c, currentDir=C:\Users\conja\Downloads\sts-4.29.0.RELEASE}, connection = DefaultDaemonConnection: socket connection from /127.0.0.1:61810 to /127.0.0.1:61817] after 0.008116666666666666 minutes of idle
2025-03-28T19:12:45.109+0900 [INFO] [org.gradle.launcher.daemon.server.DaemonRegistryUpdater] Marking the daemon as busy, address: [d5565c20-c000-4527-87a0-2a432ff3bd51 port:61810, addresses:[localhost/127.0.0.1]]
2025-03-28T19:12:45.109+0900 [DEBUG] [org.gradle.launcher.daemon.registry.PersistentDaemonRegistry] Marking busy by address: [d5565c20-c000-4527-87a0-2a432ff3bd51 port:61810, addresses:[localhost/127.0.0.1]]
2025-03-28T19:12:45.111+0900 [DEBUG] [org.gradle.cache.internal.DefaultFileLockManager] Waiting to acquire exclusive lock on daemon addresses registry.
2025-03-28T19:12:45.112+0900 [DEBUG] [org.gradle.cache.internal.DefaultFileLockManager] Lock acquired on daemon addresses registry.
2025-03-28T19:12:45.114+0900 [DEBUG] [org.gradle.cache.internal.DefaultFileLockManager] Releasing lock on daemon addresses registry.
2025-03-28T19:12:45.114+0900 [DEBUG] [org.gradle.launcher.daemon.server.DaemonStateCoordinator] resetting idle timer
2025-03-28T19:12:45.114+0900 [DEBUG] [org.gradle.launcher.daemon.server.DaemonStateCoordinator] daemon is running. Sleeping until state changes.
2025-03-28T19:12:45.115+0900 [INFO] [org.gradle.launcher.daemon.server.exec.StartBuildOrRespondWithBusy] Daemon is about to start building Build{id=e6e854bf-75fe-4176-9f36-6995d6e2ef0c, currentDir=C:\Users\conja\Downloads\sts-4.29.0.RELEASE}. Dispatching build started information...
2025-03-28T19:12:45.115+0900 [DEBUG] [org.gradle.launcher.daemon.server.SynchronizedDispatchConnection] thread 21: dispatching org.gradle.launcher.daemon.protocol.BuildStarted@72251e14
2025-03-28T19:12:45.117+0900 [DEBUG] [org.gradle.launcher.daemon.server.exec.EstablishBuildEnvironment] Configuring env variables: [USERDOMAIN_ROAMINGPROFILE, LOCALAPPDATA, PROCESSOR_LEVEL, USERDOMAIN, LOGONSERVER, JAVA_HOME, SESSIONNAME, ALLUSERSPROFILE, PROCESSOR_ARCHITECTURE, PSModulePath, SystemDrive, OneDrive, APPDATA, USERNAME, ProgramFiles(x86), CommonProgramFiles, Path, PATHEXT, DriverData, OS, OneDriveConsumer, COMPUTERNAME, PROCESSOR_REVISION, CommonProgramW6432, ComSpec, ProgramData, ProgramW6432, __PSLockDownPolicy, HOMEPATH, SystemRoot, TEMP, HOMEDRIVE, PROCESSOR_IDENTIFIER, USERPROFILE, TMP, CommonProgramFiles(x86), ProgramFiles, PUBLIC, NUMBER_OF_PROCESSORS, windir, =::]
2025-03-28T19:12:45.119+0900 [DEBUG] [org.gradle.launcher.daemon.server.exec.LogToClient] About to start relaying all logs to the client via the connection.
2025-03-28T19:12:45.119+0900 [INFO] [org.gradle.launcher.daemon.server.exec.LogToClient] The client will now receive all logging from the daemon (pid: 4744). The daemon log file: C:\workspaceLinux\ori\Board\.gradle\daemon\8.13\daemon-4744.out.log
2025-03-28T19:12:45.148+0900 [INFO] [org.gradle.launcher.daemon.server.exec.LogAndCheckHealth] Starting 2nd build in daemon [uptime: 34.639 secs, performance: 100%, GC rate: 0.00/s, heap usage: 0% of 512 MiB, non-heap usage: 16% of 384 MiB]
2025-03-28T19:12:45.148+0900 [DEBUG] [org.gradle.launcher.daemon.server.exec.ExecuteBuild] The daemon has started executing the build.
2025-03-28T19:12:45.149+0900 [DEBUG] [org.gradle.launcher.daemon.server.exec.ExecuteBuild] Executing build with daemon context: DefaultDaemonContext[uid=0d6cbf47-6de7-418b-b7b9-f91f5403bbf4,javaHome=C:\Program Files\Java\jdk-11,javaVersion=11,javaVendor=Oracle Corporation,daemonRegistryDir=C:\workspaceLinux\ori\Board\.gradle\daemon,pid=4744,idleTimeout=10800000,priority=NORMAL,applyInstrumentationAgent=true,nativeServicesMode=ENABLED,daemonOpts=-XX:MaxMetaspaceSize=384m,-XX:+HeapDumpOnOutOfMemoryError,-Xms256m,-Xmx512m,-Dfile.encoding=UTF-8,-Duser.country=KR,-Duser.language=ko,-Duser.variant]

[Incubating] Problems report is available at: file:///C:/workspaceLinux/ori/Board/build/reports/problems/problems-report.html

Deprecated Gradle features were used in this build, making it incompatible with Gradle 9.0.

You can use '--warning-mode all' to show the individual deprecation warnings and determine if they come from your own scripts or plugins.

For more on this, please refer to https://docs.gradle.org/8.13/userguide/command_line_interface.html#sec:command_line_warnings in the Gradle documentation.

BUILD SUCCESSFUL in 3s
5 actionable tasks: 4 executed, 1 up-to-date
2025-03-28T19:12:48.680+0900 [DEBUG] [org.gradle.launcher.daemon.server.exec.ExecuteBuild] The daemon has finished executing the build.
2025-03-28T19:12:48.695+0900 [DEBUG] [org.gradle.launcher.daemon.server.DaemonStateCoordinator] daemon is running. Sleeping until state changes.
2025-03-28T19:12:48.695+0900 [DEBUG] [org.gradle.launcher.daemon.server.DaemonStateCoordinator] Command execution: finished waiting for DaemonCommandExecution[command = Build{id=e6e854bf-75fe-4176-9f36-6995d6e2ef0c, currentDir=C:\Users\conja\Downloads\sts-4.29.0.RELEASE}, connection = DefaultDaemonConnection: socket connection from /127.0.0.1:61810 to /127.0.0.1:61817]. Result org.gradle.launcher.daemon.server.DaemonStateCoordinator@5c964979 with state Busy
2025-03-28T19:12:48.696+0900 [DEBUG] [org.gradle.launcher.daemon.server.DaemonStateCoordinator] Command execution: completed DaemonCommandExecution[command = Build{id=e6e854bf-75fe-4176-9f36-6995d6e2ef0c, currentDir=C:\Users\conja\Downloads\sts-4.29.0.RELEASE}, connection = DefaultDaemonConnection: socket connection from /127.0.0.1:61810 to /127.0.0.1:61817]
2025-03-28T19:12:48.696+0900 [DEBUG] [org.gradle.launcher.daemon.server.DaemonStateCoordinator] resetting idle timer
2025-03-28T19:12:48.697+0900 [INFO] [org.gradle.launcher.daemon.server.DaemonRegistryUpdater] Marking the daemon as idle, address: [d5565c20-c000-4527-87a0-2a432ff3bd51 port:61810, addresses:[localhost/127.0.0.1]]
2025-03-28T19:12:48.697+0900 [DEBUG] [org.gradle.launcher.daemon.registry.PersistentDaemonRegistry] Marking busy by address: [d5565c20-c000-4527-87a0-2a432ff3bd51 port:61810, addresses:[localhost/127.0.0.1]]
2025-03-28T19:12:48.712+0900 [DEBUG] [org.gradle.cache.internal.DefaultFileLockManager] Waiting to acquire exclusive lock on daemon addresses registry.
2025-03-28T19:12:48.713+0900 [DEBUG] [org.gradle.cache.internal.DefaultFileLockManager] Lock acquired on daemon addresses registry.
2025-03-28T19:12:48.728+0900 [DEBUG] [org.gradle.cache.internal.DefaultFileLockManager] Releasing lock on daemon addresses registry.
2025-03-28T19:12:48.729+0900 [DEBUG] [org.gradle.launcher.daemon.server.exec.ReturnResult] Daemon is dispatching the build result: Success[value=org.gradle.launcher.exec.BuildActionResult@218d9c57]
2025-03-28T19:12:48.729+0900 [DEBUG] [org.gradle.launcher.daemon.server.DaemonStateCoordinator] daemon is running. Sleeping until state changes.
2025-03-28T19:12:48.729+0900 [DEBUG] [org.gradle.launcher.daemon.server.SynchronizedDispatchConnection] thread 18: dispatching Success[value=org.gradle.launcher.exec.BuildActionResult@218d9c57]
2025-03-28T19:12:48.730+0900 [DEBUG] [org.gradle.launcher.daemon.server.exec.CleanUpVirtualFileSystemAfterBuild] Cleaning virtual file system after build finished
2025-03-28T19:12:48.731+0900 [DEBUG] [org.gradle.launcher.daemon.server.DefaultIncomingConnectionHandler] Finishing executing command: Build{id=e6e854bf-75fe-4176-9f36-6995d6e2ef0c, currentDir=C:\Users\conja\Downloads\sts-4.29.0.RELEASE}
2025-03-28T19:12:48.730+0900 [DEBUG] [org.gradle.launcher.daemon.server.SynchronizedDispatchConnection] thread 97: received class org.gradle.launcher.daemon.protocol.CloseInput
2025-03-28T19:12:48.732+0900 [DEBUG] [org.gradle.launcher.daemon.server.DefaultDaemonConnection] thread 97: Received IO message from client: org.gradle.launcher.daemon.protocol.CloseInput@61c23273
2025-03-28T19:12:48.733+0900 [DEBUG] [org.gradle.launcher.daemon.server.SynchronizedDispatchConnection] thread 97: received class org.gradle.launcher.daemon.protocol.Finished
2025-03-28T19:12:48.733+0900 [DEBUG] [org.gradle.launcher.daemon.server.DefaultDaemonConnection] thread 97: Received non-IO message from client: org.gradle.launcher.daemon.protocol.Finished@6f05d03b
2025-03-28T19:12:48.733+0900 [DEBUG] [org.gradle.internal.remote.internal.inet.SocketConnection] Discarding EOFException: java.io.EOFException
2025-03-28T19:12:48.734+0900 [DEBUG] [org.gradle.launcher.daemon.server.SynchronizedDispatchConnection] thread 97: received null
2025-03-28T19:12:48.734+0900 [DEBUG] [org.gradle.launcher.daemon.server.DefaultDaemonConnection] thread 97: Received end-of-input from client.
2025-03-28T19:12:48.734+0900 [DEBUG] [org.gradle.launcher.daemon.server.DefaultIncomingConnectionHandler] Received finished message: org.gradle.launcher.daemon.protocol.Finished@6f05d03b
2025-03-28T19:12:48.735+0900 [DEBUG] [org.gradle.launcher.daemon.server.SynchronizedDispatchConnection] thread 18: stopping connection
2025-03-28T19:12:48.736+0900 [DEBUG] [org.gradle.launcher.daemon.server.SynchronizedDispatchConnection] thread 18: stopping connection
2025-03-28T19:12:51.482+0900 [DEBUG] [org.gradle.process.internal.health.memory.DefaultMemoryManager] 855197286 physical memory requested, 407326720 free
2025-03-28T19:12:51.489+0900 [DEBUG] [org.gradle.workers.internal.WorkerDaemonExpiration] Will attempt to release 815 of memory
2025-03-28T19:12:51.491+0900 [DEBUG] [org.gradle.process.internal.health.memory.DefaultMemoryManager] 855197286 physical memory requested, 0 released, 407326720 free
2025-03-28T19:12:51.640+0900 [DEBUG] [org.gradle.cache.internal.DefaultFileLockManager] Waiting to acquire shared lock on daemon addresses registry.
2025-03-28T19:12:51.641+0900 [DEBUG] [org.gradle.cache.internal.DefaultFileLockManager] Lock acquired on daemon addresses registry.
2025-03-28T19:12:51.655+0900 [DEBUG] [org.gradle.cache.internal.DefaultFileLockManager] Releasing lock on daemon addresses registry.
2025-03-28T19:12:51.658+0900 [DEBUG] [org.gradle.cache.internal.DefaultFileLockManager] Waiting to acquire shared lock on daemon addresses registry.
2025-03-28T19:12:51.658+0900 [DEBUG] [org.gradle.cache.internal.DefaultFileLockManager] Lock acquired on daemon addresses registry.
2025-03-28T19:12:51.659+0900 [DEBUG] [org.gradle.cache.internal.DefaultFileLockManager] Releasing lock on daemon addresses registry.
2025-03-28T19:12:56.475+0900 [DEBUG] [org.gradle.process.internal.health.memory.DefaultMemoryManager] 855197286 physical memory requested, 571019264 free
2025-03-28T19:12:56.476+0900 [DEBUG] [org.gradle.workers.internal.WorkerDaemonExpiration] Will attempt to release 815 of memory
2025-03-28T19:12:56.476+0900 [DEBUG] [org.gradle.process.internal.health.memory.DefaultMemoryManager] 855197286 physical memory requested, 0 released, 571019264 free
2025-03-28T19:13:01.478+0900 [DEBUG] [org.gradle.process.internal.health.memory.DefaultMemoryManager] 855197286 physical memory requested, 682762240 free
2025-03-28T19:13:01.478+0900 [DEBUG] [org.gradle.workers.internal.WorkerDaemonExpiration] Will attempt to release 815 of memory
2025-03-28T19:13:01.478+0900 [DEBUG] [org.gradle.process.internal.health.memory.DefaultMemoryManager] 855197286 physical memory requested, 0 released, 682762240 free
2025-03-28T19:13:01.630+0900 [DEBUG] [org.gradle.cache.internal.DefaultFileLockManager] Waiting to acquire shared lock on daemon addresses registry.
2025-03-28T19:13:01.630+0900 [DEBUG] [org.gradle.cache.internal.DefaultFileLockManager] Lock acquired on daemon addresses registry.
2025-03-28T19:13:01.631+0900 [DEBUG] [org.gradle.cache.internal.DefaultFileLockManager] Releasing lock on daemon addresses registry.
2025-03-28T19:13:01.632+0900 [DEBUG] [org.gradle.cache.internal.DefaultFileLockManager] Waiting to acquire shared lock on daemon addresses registry.
2025-03-28T19:13:01.633+0900 [DEBUG] [org.gradle.cache.internal.DefaultFileLockManager] Lock acquired on daemon addresses registry.
2025-03-28T19:13:01.634+0900 [DEBUG] [org.gradle.cache.internal.DefaultFileLockManager] Releasing lock on daemon addresses registry.
2025-03-28T19:13:01.636+0900 [DEBUG] [org.gradle.cache.internal.DefaultFileLockManager] Waiting to acquire shared lock on daemon addresses registry.
2025-03-28T19:13:01.636+0900 [DEBUG] [org.gradle.cache.internal.DefaultFileLockManager] Lock acquired on daemon addresses registry.
2025-03-28T19:13:01.640+0900 [DEBUG] [org.gradle.cache.internal.DefaultFileLockManager] Releasing lock on daemon addresses registry.
2025-03-28T19:13:06.477+0900 [DEBUG] [org.gradle.process.internal.health.memory.DefaultMemoryManager] 855197286 physical memory requested, 685121536 free
2025-03-28T19:13:06.477+0900 [DEBUG] [org.gradle.workers.internal.WorkerDaemonExpiration] Will attempt to release 815 of memory
2025-03-28T19:13:06.477+0900 [DEBUG] [org.gradle.process.internal.health.memory.DefaultMemoryManager] 855197286 physical memory requested, 0 released, 685121536 free
2025-03-28T19:13:11.477+0900 [DEBUG] [org.gradle.process.internal.health.memory.DefaultMemoryManager] 855197286 physical memory requested, 702922752 free
2025-03-28T19:13:11.477+0900 [DEBUG] [org.gradle.workers.internal.WorkerDaemonExpiration] Will attempt to release 815 of memory
2025-03-28T19:13:11.478+0900 [DEBUG] [org.gradle.process.internal.health.memory.DefaultMemoryManager] 855197286 physical memory requested, 0 released, 702922752 free
2025-03-28T19:13:11.627+0900 [DEBUG] [org.gradle.cache.internal.DefaultFileLockManager] Waiting to acquire shared lock on daemon addresses registry.
2025-03-28T19:13:11.628+0900 [DEBUG] [org.gradle.cache.internal.DefaultFileLockManager] Lock acquired on daemon addresses registry.
2025-03-28T19:13:11.628+0900 [DEBUG] [org.gradle.cache.internal.DefaultFileLockManager] Releasing lock on daemon addresses registry.
2025-03-28T19:13:11.630+0900 [DEBUG] [org.gradle.cache.internal.DefaultFileLockManager] Waiting to acquire shared lock on daemon addresses registry.
2025-03-28T19:13:11.631+0900 [DEBUG] [org.gradle.cache.internal.DefaultFileLockManager] Lock acquired on daemon addresses registry.
2025-03-28T19:13:11.631+0900 [DEBUG] [org.gradle.cache.internal.DefaultFileLockManager] Releasing lock on daemon addresses registry.
2025-03-28T19:13:11.633+0900 [DEBUG] [org.gradle.cache.internal.DefaultFileLockManager] Waiting to acquire shared lock on daemon addresses registry.
2025-03-28T19:13:11.633+0900 [DEBUG] [org.gradle.cache.internal.DefaultFileLockManager] Lock acquired on daemon addresses registry.
2025-03-28T19:13:11.634+0900 [DEBUG] [org.gradle.cache.internal.DefaultFileLockManager] Releasing lock on daemon addresses registry.
2025-03-28T19:13:16.477+0900 [DEBUG] [org.gradle.process.internal.health.memory.DefaultMemoryManager] 855197286 physical memory requested, 695709696 free
2025-03-28T19:13:16.477+0900 [DEBUG] [org.gradle.workers.internal.WorkerDaemonExpiration] Will attempt to release 815 of memory
2025-03-28T19:13:16.478+0900 [DEBUG] [org.gradle.process.internal.health.memory.DefaultMemoryManager] 855197286 physical memory requested, 0 released, 695709696 free
2025-03-28T19:13:21.469+0900 [DEBUG] [org.gradle.process.internal.health.memory.DefaultMemoryManager] 855197286 physical memory requested, 693575680 free
2025-03-28T19:13:21.469+0900 [DEBUG] [org.gradle.workers.internal.WorkerDaemonExpiration] Will attempt to release 815 of memory
2025-03-28T19:13:21.469+0900 [DEBUG] [org.gradle.process.internal.health.memory.DefaultMemoryManager] 855197286 physical memory requested, 0 released, 693575680 free
2025-03-28T19:13:21.622+0900 [DEBUG] [org.gradle.cache.internal.DefaultFileLockManager] Waiting to acquire shared lock on daemon addresses registry.
2025-03-28T19:13:21.622+0900 [DEBUG] [org.gradle.cache.internal.DefaultFileLockManager] Lock acquired on daemon addresses registry.
2025-03-28T19:13:21.623+0900 [DEBUG] [org.gradle.cache.internal.DefaultFileLockManager] Releasing lock on daemon addresses registry.
2025-03-28T19:13:21.626+0900 [DEBUG] [org.gradle.cache.internal.DefaultFileLockManager] Waiting to acquire shared lock on daemon addresses registry.
2025-03-28T19:13:21.627+0900 [DEBUG] [org.gradle.cache.internal.DefaultFileLockManager] Lock acquired on daemon addresses registry.
2025-03-28T19:13:21.627+0900 [DEBUG] [org.gradle.cache.internal.DefaultFileLockManager] Releasing lock on daemon addresses registry.
2025-03-28T19:13:21.629+0900 [DEBUG] [org.gradle.cache.internal.DefaultFileLockManager] Waiting to acquire shared lock on daemon addresses registry.
2025-03-28T19:13:21.630+0900 [DEBUG] [org.gradle.cache.internal.DefaultFileLockManager] Lock acquired on daemon addresses registry.
2025-03-28T19:13:21.631+0900 [DEBUG] [org.gradle.cache.internal.DefaultFileLockManager] Releasing lock on daemon addresses registry.
2025-03-28T19:13:26.466+0900 [DEBUG] [org.gradle.process.internal.health.memory.DefaultMemoryManager] 855197286 physical memory requested, 693145600 free
2025-03-28T19:13:26.467+0900 [DEBUG] [org.gradle.workers.internal.WorkerDaemonExpiration] Will attempt to release 815 of memory
2025-03-28T19:13:26.467+0900 [DEBUG] [org.gradle.process.internal.health.memory.DefaultMemoryManager] 855197286 physical memory requested, 0 released, 693145600 free
2025-03-28T19:13:31.476+0900 [DEBUG] [org.gradle.process.internal.health.memory.DefaultMemoryManager] 855197286 physical memory requested, 697937920 free
2025-03-28T19:13:31.476+0900 [DEBUG] [org.gradle.workers.internal.WorkerDaemonExpiration] Will attempt to release 815 of memory
2025-03-28T19:13:31.477+0900 [DEBUG] [org.gradle.process.internal.health.memory.DefaultMemoryManager] 855197286 physical memory requested, 0 released, 697937920 free
2025-03-28T19:13:31.628+0900 [DEBUG] [org.gradle.cache.internal.DefaultFileLockManager] Waiting to acquire shared lock on daemon addresses registry.
2025-03-28T19:13:31.628+0900 [DEBUG] [org.gradle.cache.internal.DefaultFileLockManager] Lock acquired on daemon addresses registry.
2025-03-28T19:13:31.630+0900 [DEBUG] [org.gradle.cache.internal.DefaultFileLockManager] Releasing lock on daemon addresses registry.
2025-03-28T19:13:31.633+0900 [DEBUG] [org.gradle.cache.internal.DefaultFileLockManager] Waiting to acquire shared lock on daemon addresses registry.
2025-03-28T19:13:31.634+0900 [DEBUG] [org.gradle.cache.internal.DefaultFileLockManager] Lock acquired on daemon addresses registry.
2025-03-28T19:13:31.635+0900 [DEBUG] [org.gradle.cache.internal.DefaultFileLockManager] Releasing lock on daemon addresses registry.
2025-03-28T19:13:31.637+0900 [DEBUG] [org.gradle.cache.internal.DefaultFileLockManager] Waiting to acquire shared lock on daemon addresses registry.
2025-03-28T19:13:31.637+0900 [DEBUG] [org.gradle.cache.internal.DefaultFileLockManager] Lock acquired on daemon addresses registry.
2025-03-28T19:13:31.638+0900 [DEBUG] [org.gradle.cache.internal.DefaultFileLockManager] Releasing lock on daemon addresses registry.
2025-03-28T19:13:36.473+0900 [DEBUG] [org.gradle.process.internal.health.memory.DefaultMemoryManager] 855197286 physical memory requested, 688091136 free
2025-03-28T19:13:36.473+0900 [DEBUG] [org.gradle.workers.internal.WorkerDaemonExpiration] Will attempt to release 815 of memory
2025-03-28T19:13:36.473+0900 [DEBUG] [org.gradle.process.internal.health.memory.DefaultMemoryManager] 855197286 physical memory requested, 0 released, 688091136 free
2025-03-28T19:13:39.907+0900 [DEBUG] [org.gradle.internal.remote.internal.inet.TcpIncomingConnector] Accepted connection from /127.0.0.1:61841 to /127.0.0.1:61810.
2025-03-28T19:13:39.918+0900 [DEBUG] [org.gradle.launcher.daemon.server.SynchronizedDispatchConnection] thread 154: received class org.gradle.launcher.daemon.protocol.Build
2025-03-28T19:13:39.918+0900 [DEBUG] [org.gradle.launcher.daemon.server.DefaultDaemonConnection] thread 154: Received non-IO message from client: Build{id=d8db9c9d-1cff-4a18-baa6-172da8442ec5, currentDir=C:\Users\conja\Downloads\sts-4.29.0.RELEASE}
2025-03-28T19:13:39.922+0900 [INFO] [org.gradle.launcher.daemon.server.DefaultIncomingConnectionHandler] Received command: Build{id=d8db9c9d-1cff-4a18-baa6-172da8442ec5, currentDir=C:\Users\conja\Downloads\sts-4.29.0.RELEASE}.
2025-03-28T19:13:39.922+0900 [DEBUG] [org.gradle.launcher.daemon.server.DefaultIncomingConnectionHandler] Starting executing command: Build{id=d8db9c9d-1cff-4a18-baa6-172da8442ec5, currentDir=C:\Users\conja\Downloads\sts-4.29.0.RELEASE} with connection: socket connection from /127.0.0.1:61810 to /127.0.0.1:61841.
2025-03-28T19:13:39.928+0900 [DEBUG] [org.gradle.launcher.daemon.server.DaemonStateCoordinator] Command execution: started DaemonCommandExecution[command = Build{id=d8db9c9d-1cff-4a18-baa6-172da8442ec5, currentDir=C:\Users\conja\Downloads\sts-4.29.0.RELEASE}, connection = DefaultDaemonConnection: socket connection from /127.0.0.1:61810 to /127.0.0.1:61841] after 0.85385 minutes of idle
2025-03-28T19:13:39.928+0900 [INFO] [org.gradle.launcher.daemon.server.DaemonRegistryUpdater] Marking the daemon as busy, address: [d5565c20-c000-4527-87a0-2a432ff3bd51 port:61810, addresses:[localhost/127.0.0.1]]
2025-03-28T19:13:39.928+0900 [DEBUG] [org.gradle.launcher.daemon.registry.PersistentDaemonRegistry] Marking busy by address: [d5565c20-c000-4527-87a0-2a432ff3bd51 port:61810, addresses:[localhost/127.0.0.1]]
2025-03-28T19:13:39.930+0900 [DEBUG] [org.gradle.cache.internal.DefaultFileLockManager] Waiting to acquire exclusive lock on daemon addresses registry.
2025-03-28T19:13:39.931+0900 [DEBUG] [org.gradle.cache.internal.DefaultFileLockManager] Lock acquired on daemon addresses registry.
2025-03-28T19:13:39.937+0900 [DEBUG] [org.gradle.cache.internal.DefaultFileLockManager] Releasing lock on daemon addresses registry.
2025-03-28T19:13:39.938+0900 [DEBUG] [org.gradle.launcher.daemon.server.DaemonStateCoordinator] resetting idle timer
2025-03-28T19:13:39.939+0900 [DEBUG] [org.gradle.launcher.daemon.server.DaemonStateCoordinator] daemon is running. Sleeping until state changes.
2025-03-28T19:13:39.939+0900 [INFO] [org.gradle.launcher.daemon.server.exec.StartBuildOrRespondWithBusy] Daemon is about to start building Build{id=d8db9c9d-1cff-4a18-baa6-172da8442ec5, currentDir=C:\Users\conja\Downloads\sts-4.29.0.RELEASE}. Dispatching build started information...
2025-03-28T19:13:39.939+0900 [DEBUG] [org.gradle.launcher.daemon.server.SynchronizedDispatchConnection] thread 21: dispatching org.gradle.launcher.daemon.protocol.BuildStarted@684fe8f5
2025-03-28T19:13:39.941+0900 [DEBUG] [org.gradle.launcher.daemon.server.exec.EstablishBuildEnvironment] Configuring env variables: [USERDOMAIN_ROAMINGPROFILE, LOCALAPPDATA, PROCESSOR_LEVEL, USERDOMAIN, LOGONSERVER, JAVA_HOME, SESSIONNAME, ALLUSERSPROFILE, PROCESSOR_ARCHITECTURE, PSModulePath, SystemDrive, OneDrive, APPDATA, USERNAME, ProgramFiles(x86), CommonProgramFiles, Path, PATHEXT, DriverData, OS, OneDriveConsumer, COMPUTERNAME, PROCESSOR_REVISION, CommonProgramW6432, ComSpec, ProgramData, ProgramW6432, __PSLockDownPolicy, HOMEPATH, SystemRoot, TEMP, HOMEDRIVE, PROCESSOR_IDENTIFIER, USERPROFILE, TMP, CommonProgramFiles(x86), ProgramFiles, PUBLIC, NUMBER_OF_PROCESSORS, windir, =::]
2025-03-28T19:13:39.942+0900 [DEBUG] [org.gradle.launcher.daemon.server.exec.LogToClient] About to start relaying all logs to the client via the connection.
2025-03-28T19:13:39.943+0900 [INFO] [org.gradle.launcher.daemon.server.exec.LogToClient] The client will now receive all logging from the daemon (pid: 4744). The daemon log file: C:\workspaceLinux\ori\Board\.gradle\daemon\8.13\daemon-4744.out.log
2025-03-28T19:13:39.944+0900 [INFO] [org.gradle.launcher.daemon.server.exec.LogAndCheckHealth] Starting 3rd build in daemon [uptime: 1 mins 29.463 secs, performance: 100%, GC rate: 0.00/s, heap usage: 0% of 512 MiB, non-heap usage: 19% of 384 MiB]
2025-03-28T19:13:39.945+0900 [DEBUG] [org.gradle.launcher.daemon.server.exec.ExecuteBuild] The daemon has started executing the build.
2025-03-28T19:13:39.945+0900 [DEBUG] [org.gradle.launcher.daemon.server.exec.ExecuteBuild] Executing build with daemon context: DefaultDaemonContext[uid=0d6cbf47-6de7-418b-b7b9-f91f5403bbf4,javaHome=C:\Program Files\Java\jdk-11,javaVersion=11,javaVendor=Oracle Corporation,daemonRegistryDir=C:\workspaceLinux\ori\Board\.gradle\daemon,pid=4744,idleTimeout=10800000,priority=NORMAL,applyInstrumentationAgent=true,nativeServicesMode=ENABLED,daemonOpts=-XX:MaxMetaspaceSize=384m,-XX:+HeapDumpOnOutOfMemoryError,-Xms256m,-Xmx512m,-Dfile.encoding=UTF-8,-Duser.country=KR,-Duser.language=ko,-Duser.variant]

[Incubating] Problems report is available at: file:///C:/workspaceLinux/ori/Board/build/reports/problems/problems-report.html

Deprecated Gradle features were used in this build, making it incompatible with Gradle 9.0.

You can use '--warning-mode all' to show the individual deprecation warnings and determine if they come from your own scripts or plugins.

For more on this, please refer to https://docs.gradle.org/8.13/userguide/command_line_interface.html#sec:command_line_warnings in the Gradle documentation.

BUILD SUCCESSFUL in 39s
4 actionable tasks: 3 executed, 1 up-to-date
2025-03-28T19:14:19.818+0900 [DEBUG] [org.gradle.launcher.daemon.server.exec.ExecuteBuild] The daemon has finished executing the build.
2025-03-28T19:14:19.837+0900 [DEBUG] [org.gradle.launcher.daemon.server.DaemonStateCoordinator] daemon is running. Sleeping until state changes.
2025-03-28T19:14:19.837+0900 [DEBUG] [org.gradle.launcher.daemon.server.DaemonStateCoordinator] Command execution: finished waiting for DaemonCommandExecution[command = Build{id=d8db9c9d-1cff-4a18-baa6-172da8442ec5, currentDir=C:\Users\conja\Downloads\sts-4.29.0.RELEASE}, connection = DefaultDaemonConnection: socket connection from /127.0.0.1:61810 to /127.0.0.1:61841]. Result org.gradle.launcher.daemon.server.DaemonStateCoordinator@5c964979 with state Busy
2025-03-28T19:14:19.839+0900 [DEBUG] [org.gradle.launcher.daemon.server.DaemonStateCoordinator] Command execution: completed DaemonCommandExecution[command = Build{id=d8db9c9d-1cff-4a18-baa6-172da8442ec5, currentDir=C:\Users\conja\Downloads\sts-4.29.0.RELEASE}, connection = DefaultDaemonConnection: socket connection from /127.0.0.1:61810 to /127.0.0.1:61841]
2025-03-28T19:14:19.839+0900 [DEBUG] [org.gradle.launcher.daemon.server.DaemonStateCoordinator] resetting idle timer
2025-03-28T19:14:19.840+0900 [INFO] [org.gradle.launcher.daemon.server.DaemonRegistryUpdater] Marking the daemon as idle, address: [d5565c20-c000-4527-87a0-2a432ff3bd51 port:61810, addresses:[localhost/127.0.0.1]]
2025-03-28T19:14:19.841+0900 [DEBUG] [org.gradle.launcher.daemon.registry.PersistentDaemonRegistry] Marking busy by address: [d5565c20-c000-4527-87a0-2a432ff3bd51 port:61810, addresses:[localhost/127.0.0.1]]
2025-03-28T19:14:19.846+0900 [DEBUG] [org.gradle.cache.internal.DefaultFileLockManager] Waiting to acquire exclusive lock on daemon addresses registry.
2025-03-28T19:14:19.848+0900 [DEBUG] [org.gradle.cache.internal.DefaultFileLockManager] Lock acquired on daemon addresses registry.
2025-03-28T19:14:19.853+0900 [DEBUG] [org.gradle.cache.internal.DefaultFileLockManager] Releasing lock on daemon addresses registry.
2025-03-28T19:14:19.854+0900 [DEBUG] [org.gradle.launcher.daemon.server.exec.ReturnResult] Daemon is dispatching the build result: Success[value=org.gradle.launcher.exec.BuildActionResult@4983f4b0]
2025-03-28T19:14:19.854+0900 [DEBUG] [org.gradle.launcher.daemon.server.SynchronizedDispatchConnection] thread 18: dispatching Success[value=org.gradle.launcher.exec.BuildActionResult@4983f4b0]
2025-03-28T19:14:19.855+0900 [DEBUG] [org.gradle.launcher.daemon.server.SynchronizedDispatchConnection] thread 154: received class org.gradle.launcher.daemon.protocol.CloseInput
2025-03-28T19:14:19.856+0900 [DEBUG] [org.gradle.launcher.daemon.server.DefaultDaemonConnection] thread 154: Received IO message from client: org.gradle.launcher.daemon.protocol.CloseInput@a9e153f
2025-03-28T19:14:19.857+0900 [DEBUG] [org.gradle.launcher.daemon.server.SynchronizedDispatchConnection] thread 154: received class org.gradle.launcher.daemon.protocol.Finished
2025-03-28T19:14:19.858+0900 [DEBUG] [org.gradle.launcher.daemon.server.DefaultDaemonConnection] thread 154: Received non-IO message from client: org.gradle.launcher.daemon.protocol.Finished@459ea1c
2025-03-28T19:14:19.858+0900 [DEBUG] [org.gradle.internal.remote.internal.inet.SocketConnection] Discarding EOFException: java.io.EOFException
2025-03-28T19:14:19.859+0900 [DEBUG] [org.gradle.launcher.daemon.server.SynchronizedDispatchConnection] thread 154: received null
2025-03-28T19:14:19.859+0900 [DEBUG] [org.gradle.launcher.daemon.server.DefaultDaemonConnection] thread 154: Received end-of-input from client.
2025-03-28T19:14:19.872+0900 [DEBUG] [org.gradle.launcher.daemon.server.DaemonStateCoordinator] daemon is running. Sleeping until state changes.
2025-03-28T19:14:19.874+0900 [DEBUG] [org.gradle.launcher.daemon.server.DefaultIncomingConnectionHandler] Finishing executing command: Build{id=d8db9c9d-1cff-4a18-baa6-172da8442ec5, currentDir=C:\Users\conja\Downloads\sts-4.29.0.RELEASE}
2025-03-28T19:14:19.875+0900 [WARN] [org.gradle.launcher.daemon.server.DefaultIncomingConnectionHandler] Timed out waiting for finished message from client socket connection from /127.0.0.1:61810 to /127.0.0.1:61841. Discarding connection.
2025-03-28T19:14:19.876+0900 [DEBUG] [org.gradle.launcher.daemon.server.SynchronizedDispatchConnection] thread 18: stopping connection
2025-03-28T19:14:19.879+0900 [DEBUG] [org.gradle.launcher.daemon.server.exec.CleanUpVirtualFileSystemAfterBuild] Cleaning virtual file system after build finished
2025-03-28T19:14:19.880+0900 [DEBUG] [org.gradle.launcher.daemon.server.SynchronizedDispatchConnection] thread 18: stopping connection
2025-03-28T19:14:21.470+0900 [DEBUG] [org.gradle.process.internal.health.memory.DefaultMemoryManager] 855197286 physical memory requested, 513183744 free
2025-03-28T19:14:21.470+0900 [DEBUG] [org.gradle.workers.internal.WorkerDaemonExpiration] Will attempt to release 815 of memory
2025-03-28T19:14:21.471+0900 [DEBUG] [org.gradle.process.internal.health.memory.DefaultMemoryManager] 855197286 physical memory requested, 0 released, 513183744 free
2025-03-28T19:14:21.630+0900 [DEBUG] [org.gradle.cache.internal.DefaultFileLockManager] Waiting to acquire shared lock on daemon addresses registry.
2025-03-28T19:14:21.630+0900 [DEBUG] [org.gradle.cache.internal.DefaultFileLockManager] Lock acquired on daemon addresses registry.
2025-03-28T19:14:21.639+0900 [DEBUG] [org.gradle.cache.internal.DefaultFileLockManager] Releasing lock on daemon addresses registry.
2025-03-28T19:14:21.641+0900 [DEBUG] [org.gradle.cache.internal.DefaultFileLockManager] Waiting to acquire shared lock on daemon addresses registry.
2025-03-28T19:14:21.641+0900 [DEBUG] [org.gradle.cache.internal.DefaultFileLockManager] Lock acquired on daemon addresses registry.
2025-03-28T19:14:21.642+0900 [DEBUG] [org.gradle.cache.internal.DefaultFileLockManager] Releasing lock on daemon addresses registry.
2025-03-28T19:14:26.467+0900 [DEBUG] [org.gradle.process.internal.health.memory.DefaultMemoryManager] 855197286 physical memory requested, 517038080 free
2025-03-28T19:14:26.467+0900 [DEBUG] [org.gradle.workers.internal.WorkerDaemonExpiration] Will attempt to release 815 of memory
2025-03-28T19:14:26.467+0900 [DEBUG] [org.gradle.process.internal.health.memory.DefaultMemoryManager] 855197286 physical memory requested, 0 released, 517038080 free
2025-03-28T19:14:31.468+0900 [DEBUG] [org.gradle.process.internal.health.memory.DefaultMemoryManager] 855197286 physical memory requested, 530661376 free
2025-03-28T19:14:31.468+0900 [DEBUG] [org.gradle.workers.internal.WorkerDaemonExpiration] Will attempt to release 815 of memory
2025-03-28T19:14:31.468+0900 [DEBUG] [org.gradle.process.internal.health.memory.DefaultMemoryManager] 855197286 physical memory requested, 0 released, 530661376 free
2025-03-28T19:14:31.636+0900 [DEBUG] [org.gradle.cache.internal.DefaultFileLockManager] Waiting to acquire shared lock on daemon addresses registry.
2025-03-28T19:14:31.636+0900 [DEBUG] [org.gradle.cache.internal.DefaultFileLockManager] Lock acquired on daemon addresses registry.
2025-03-28T19:14:31.637+0900 [DEBUG] [org.gradle.cache.internal.DefaultFileLockManager] Releasing lock on daemon addresses registry.
2025-03-28T19:14:31.639+0900 [DEBUG] [org.gradle.cache.internal.DefaultFileLockManager] Waiting to acquire shared lock on daemon addresses registry.
2025-03-28T19:14:31.639+0900 [DEBUG] [org.gradle.cache.internal.DefaultFileLockManager] Lock acquired on daemon addresses registry.
2025-03-28T19:14:31.640+0900 [DEBUG] [org.gradle.cache.internal.DefaultFileLockManager] Releasing lock on daemon addresses registry.
2025-03-28T19:14:31.641+0900 [DEBUG] [org.gradle.cache.internal.DefaultFileLockManager] Waiting to acquire shared lock on daemon addresses registry.
2025-03-28T19:14:31.641+0900 [DEBUG] [org.gradle.cache.internal.DefaultFileLockManager] Lock acquired on daemon addresses registry.
2025-03-28T19:14:31.642+0900 [DEBUG] [org.gradle.cache.internal.DefaultFileLockManager] Releasing lock on daemon addresses registry.
2025-03-28T19:14:36.465+0900 [DEBUG] [org.gradle.process.internal.health.memory.DefaultMemoryManager] 855197286 physical memory requested, 534556672 free
2025-03-28T19:14:36.466+0900 [DEBUG] [org.gradle.workers.internal.WorkerDaemonExpiration] Will attempt to release 815 of memory
2025-03-28T19:14:36.466+0900 [DEBUG] [org.gradle.process.internal.health.memory.DefaultMemoryManager] 855197286 physical memory requested, 0 released, 534556672 free
2025-03-28T19:14:41.474+0900 [DEBUG] [org.gradle.process.internal.health.memory.DefaultMemoryManager] 855197286 physical memory requested, 541233152 free
2025-03-28T19:14:41.474+0900 [DEBUG] [org.gradle.workers.internal.WorkerDaemonExpiration] Will attempt to release 815 of memory
2025-03-28T19:14:41.475+0900 [DEBUG] [org.gradle.process.internal.health.memory.DefaultMemoryManager] 855197286 physical memory requested, 0 released, 541233152 free
2025-03-28T19:14:41.641+0900 [DEBUG] [org.gradle.cache.internal.DefaultFileLockManager] Waiting to acquire shared lock on daemon addresses registry.
2025-03-28T19:14:41.642+0900 [DEBUG] [org.gradle.cache.internal.DefaultFileLockManager] Lock acquired on daemon addresses registry.
2025-03-28T19:14:41.647+0900 [DEBUG] [org.gradle.cache.internal.DefaultFileLockManager] Releasing lock on daemon addresses registry.
2025-03-28T19:14:41.651+0900 [DEBUG] [org.gradle.cache.internal.DefaultFileLockManager] Waiting to acquire shared lock on daemon addresses registry.
2025-03-28T19:14:41.656+0900 [DEBUG] [org.gradle.cache.internal.DefaultFileLockManager] Lock acquired on daemon addresses registry.
2025-03-28T19:14:41.657+0900 [DEBUG] [org.gradle.cache.internal.DefaultFileLockManager] Releasing lock on daemon addresses registry.
2025-03-28T19:14:41.659+0900 [DEBUG] [org.gradle.cache.internal.DefaultFileLockManager] Waiting to acquire shared lock on daemon addresses registry.
2025-03-28T19:14:41.660+0900 [DEBUG] [org.gradle.cache.internal.DefaultFileLockManager] Lock acquired on daemon addresses registry.
2025-03-28T19:14:41.665+0900 [DEBUG] [org.gradle.cache.internal.DefaultFileLockManager] Releasing lock on daemon addresses registry.
2025-03-28T19:14:46.471+0900 [DEBUG] [org.gradle.process.internal.health.memory.DefaultMemoryManager] 855197286 physical memory requested, 535515136 free
2025-03-28T19:14:46.471+0900 [DEBUG] [org.gradle.workers.internal.WorkerDaemonExpiration] Will attempt to release 815 of memory
2025-03-28T19:14:46.471+0900 [DEBUG] [org.gradle.process.internal.health.memory.DefaultMemoryManager] 855197286 physical memory requested, 0 released, 535515136 free
2025-03-28T19:14:51.472+0900 [DEBUG] [org.gradle.process.internal.health.memory.DefaultMemoryManager] 855197286 physical memory requested, 540975104 free
2025-03-28T19:14:51.472+0900 [DEBUG] [org.gradle.workers.internal.WorkerDaemonExpiration] Will attempt to release 815 of memory
2025-03-28T19:14:51.472+0900 [DEBUG] [org.gradle.process.internal.health.memory.DefaultMemoryManager] 855197286 physical memory requested, 0 released, 540975104 free
2025-03-28T19:14:51.623+0900 [DEBUG] [org.gradle.cache.internal.DefaultFileLockManager] Waiting to acquire shared lock on daemon addresses registry.
2025-03-28T19:14:51.624+0900 [DEBUG] [org.gradle.cache.internal.DefaultFileLockManager] Lock acquired on daemon addresses registry.
2025-03-28T19:14:51.624+0900 [DEBUG] [org.gradle.cache.internal.DefaultFileLockManager] Releasing lock on daemon addresses registry.
2025-03-28T19:14:51.626+0900 [DEBUG] [org.gradle.cache.internal.DefaultFileLockManager] Waiting to acquire shared lock on daemon addresses registry.
2025-03-28T19:14:51.626+0900 [DEBUG] [org.gradle.cache.internal.DefaultFileLockManager] Lock acquired on daemon addresses registry.
2025-03-28T19:14:51.627+0900 [DEBUG] [org.gradle.cache.internal.DefaultFileLockManager] Releasing lock on daemon addresses registry.
2025-03-28T19:14:51.628+0900 [DEBUG] [org.gradle.cache.internal.DefaultFileLockManager] Waiting to acquire shared lock on daemon addresses registry.
2025-03-28T19:14:51.628+0900 [DEBUG] [org.gradle.cache.internal.DefaultFileLockManager] Lock acquired on daemon addresses registry.
2025-03-28T19:14:51.628+0900 [DEBUG] [org.gradle.cache.internal.DefaultFileLockManager] Releasing lock on daemon addresses registry.
2025-03-28T19:14:56.470+0900 [DEBUG] [org.gradle.process.internal.health.memory.DefaultMemoryManager] 855197286 physical memory requested, 533688320 free
2025-03-28T19:14:56.474+0900 [DEBUG] [org.gradle.workers.internal.WorkerDaemonExpiration] Will attempt to release 815 of memory
2025-03-28T19:14:56.476+0900 [DEBUG] [org.gradle.process.internal.health.memory.DefaultMemoryManager] 855197286 physical memory requested, 0 released, 533688320 free
2025-03-28T19:15:01.475+0900 [DEBUG] [org.gradle.process.internal.health.memory.DefaultMemoryManager] 855197286 physical memory requested, 538595328 free
2025-03-28T19:15:01.476+0900 [DEBUG] [org.gradle.workers.internal.WorkerDaemonExpiration] Will attempt to release 815 of memory
2025-03-28T19:15:01.476+0900 [DEBUG] [org.gradle.process.internal.health.memory.DefaultMemoryManager] 855197286 physical memory requested, 0 released, 538595328 free
2025-03-28T19:15:01.625+0900 [DEBUG] [org.gradle.cache.internal.DefaultFileLockManager] Waiting to acquire shared lock on daemon addresses registry.
2025-03-28T19:15:01.626+0900 [DEBUG] [org.gradle.cache.internal.DefaultFileLockManager] Lock acquired on daemon addresses registry.
2025-03-28T19:15:01.626+0900 [DEBUG] [org.gradle.cache.internal.DefaultFileLockManager] Releasing lock on daemon addresses registry.
2025-03-28T19:15:01.628+0900 [DEBUG] [org.gradle.cache.internal.DefaultFileLockManager] Waiting to acquire shared lock on daemon addresses registry.
2025-03-28T19:15:01.628+0900 [DEBUG] [org.gradle.cache.internal.DefaultFileLockManager] Lock acquired on daemon addresses registry.
2025-03-28T19:15:01.629+0900 [DEBUG] [org.gradle.cache.internal.DefaultFileLockManager] Releasing lock on daemon addresses registry.
2025-03-28T19:15:01.630+0900 [DEBUG] [org.gradle.cache.internal.DefaultFileLockManager] Waiting to acquire shared lock on daemon addresses registry.
2025-03-28T19:15:01.630+0900 [DEBUG] [org.gradle.cache.internal.DefaultFileLockManager] Lock acquired on daemon addresses registry.
2025-03-28T19:15:01.631+0900 [DEBUG] [org.gradle.cache.internal.DefaultFileLockManager] Releasing lock on daemon addresses registry.
2025-03-28T19:15:06.466+0900 [DEBUG] [org.gradle.process.internal.health.memory.DefaultMemoryManager] 855197286 physical memory requested, 539140096 free
2025-03-28T19:15:06.466+0900 [DEBUG] [org.gradle.workers.internal.WorkerDaemonExpiration] Will attempt to release 815 of memory
2025-03-28T19:15:06.466+0900 [DEBUG] [org.gradle.process.internal.health.memory.DefaultMemoryManager] 855197286 physical memory requested, 0 released, 539140096 free
2025-03-28T19:15:11.468+0900 [DEBUG] [org.gradle.process.internal.health.memory.DefaultMemoryManager] 855197286 physical memory requested, 523120640 free
2025-03-28T19:15:11.468+0900 [DEBUG] [org.gradle.workers.internal.WorkerDaemonExpiration] Will attempt to release 815 of memory
2025-03-28T19:15:11.468+0900 [DEBUG] [org.gradle.process.internal.health.memory.DefaultMemoryManager] 855197286 physical memory requested, 0 released, 523120640 free
2025-03-28T19:15:11.638+0900 [DEBUG] [org.gradle.cache.internal.DefaultFileLockManager] Waiting to acquire shared lock on daemon addresses registry.
2025-03-28T19:15:11.638+0900 [DEBUG] [org.gradle.cache.internal.DefaultFileLockManager] Lock acquired on daemon addresses registry.
2025-03-28T19:15:11.639+0900 [DEBUG] [org.gradle.cache.internal.DefaultFileLockManager] Releasing lock on daemon addresses registry.
2025-03-28T19:15:11.641+0900 [DEBUG] [org.gradle.cache.internal.DefaultFileLockManager] Waiting to acquire shared lock on daemon addresses registry.
2025-03-28T19:15:11.644+0900 [DEBUG] [org.gradle.cache.internal.DefaultFileLockManager] Lock acquired on daemon addresses registry.
2025-03-28T19:15:11.645+0900 [DEBUG] [org.gradle.cache.internal.DefaultFileLockManager] Releasing lock on daemon addresses registry.
2025-03-28T19:15:11.647+0900 [DEBUG] [org.gradle.cache.internal.DefaultFileLockManager] Waiting to acquire shared lock on daemon addresses registry.
2025-03-28T19:15:11.647+0900 [DEBUG] [org.gradle.cache.internal.DefaultFileLockManager] Lock acquired on daemon addresses registry.
2025-03-28T19:15:11.647+0900 [DEBUG] [org.gradle.cache.internal.DefaultFileLockManager] Releasing lock on daemon addresses registry.
2025-03-28T19:15:16.476+0900 [DEBUG] [org.gradle.process.internal.health.memory.DefaultMemoryManager] 855197286 physical memory requested, 510271488 free
2025-03-28T19:15:16.476+0900 [DEBUG] [org.gradle.workers.internal.WorkerDaemonExpiration] Will attempt to release 815 of memory
2025-03-28T19:15:16.477+0900 [DEBUG] [org.gradle.process.internal.health.memory.DefaultMemoryManager] 855197286 physical memory requested, 0 released, 510271488 free
2025-03-28T19:15:21.479+0900 [DEBUG] [org.gradle.process.internal.health.memory.DefaultMemoryManager] 855197286 physical memory requested, 520040448 free
2025-03-28T19:15:21.479+0900 [DEBUG] [org.gradle.workers.internal.WorkerDaemonExpiration] Will attempt to release 815 of memory
2025-03-28T19:15:21.479+0900 [DEBUG] [org.gradle.process.internal.health.memory.DefaultMemoryManager] 855197286 physical memory requested, 0 released, 520040448 free
2025-03-28T19:15:21.631+0900 [DEBUG] [org.gradle.cache.internal.DefaultFileLockManager] Waiting to acquire shared lock on daemon addresses registry.
2025-03-28T19:15:21.632+0900 [DEBUG] [org.gradle.cache.internal.DefaultFileLockManager] Lock acquired on daemon addresses registry.
2025-03-28T19:15:21.632+0900 [DEBUG] [org.gradle.cache.internal.DefaultFileLockManager] Releasing lock on daemon addresses registry.
2025-03-28T19:15:21.634+0900 [DEBUG] [org.gradle.cache.internal.DefaultFileLockManager] Waiting to acquire shared lock on daemon addresses registry.
2025-03-28T19:15:21.634+0900 [DEBUG] [org.gradle.cache.internal.DefaultFileLockManager] Lock acquired on daemon addresses registry.
2025-03-28T19:15:21.634+0900 [DEBUG] [org.gradle.cache.internal.DefaultFileLockManager] Releasing lock on daemon addresses registry.
2025-03-28T19:15:21.637+0900 [DEBUG] [org.gradle.cache.internal.DefaultFileLockManager] Waiting to acquire shared lock on daemon addresses registry.
2025-03-28T19:15:21.637+0900 [DEBUG] [org.gradle.cache.internal.DefaultFileLockManager] Lock acquired on daemon addresses registry.
2025-03-28T19:15:21.638+0900 [DEBUG] [org.gradle.cache.internal.DefaultFileLockManager] Releasing lock on daemon addresses registry.
2025-03-28T19:15:26.468+0900 [DEBUG] [org.gradle.process.internal.health.memory.DefaultMemoryManager] 855197286 physical memory requested, 529166336 free
2025-03-28T19:15:26.469+0900 [DEBUG] [org.gradle.workers.internal.WorkerDaemonExpiration] Will attempt to release 815 of memory
2025-03-28T19:15:26.469+0900 [DEBUG] [org.gradle.process.internal.health.memory.DefaultMemoryManager] 855197286 physical memory requested, 0 released, 529166336 free
2025-03-28T19:15:31.476+0900 [DEBUG] [org.gradle.process.internal.health.memory.DefaultMemoryManager] 855197286 physical memory requested, 593244160 free
2025-03-28T19:15:31.476+0900 [DEBUG] [org.gradle.workers.internal.WorkerDaemonExpiration] Will attempt to release 815 of memory
2025-03-28T19:15:31.476+0900 [DEBUG] [org.gradle.process.internal.health.memory.DefaultMemoryManager] 855197286 physical memory requested, 0 released, 593244160 free
2025-03-28T19:15:31.630+0900 [DEBUG] [org.gradle.cache.internal.DefaultFileLockManager] Waiting to acquire shared lock on daemon addresses registry.
2025-03-28T19:15:31.630+0900 [DEBUG] [org.gradle.cache.internal.DefaultFileLockManager] Lock acquired on daemon addresses registry.
2025-03-28T19:15:31.640+0900 [DEBUG] [org.gradle.cache.internal.DefaultFileLockManager] Releasing lock on daemon addresses registry.
2025-03-28T19:15:31.643+0900 [DEBUG] [org.gradle.cache.internal.DefaultFileLockManager] Waiting to acquire shared lock on daemon addresses registry.
2025-03-28T19:15:31.644+0900 [DEBUG] [org.gradle.cache.internal.DefaultFileLockManager] Lock acquired on daemon addresses registry.
2025-03-28T19:15:31.644+0900 [DEBUG] [org.gradle.cache.internal.DefaultFileLockManager] Releasing lock on daemon addresses registry.
2025-03-28T19:15:31.645+0900 [DEBUG] [org.gradle.cache.internal.DefaultFileLockManager] Waiting to acquire shared lock on daemon addresses registry.
2025-03-28T19:15:31.646+0900 [DEBUG] [org.gradle.cache.internal.DefaultFileLockManager] Lock acquired on daemon addresses registry.
2025-03-28T19:15:31.646+0900 [DEBUG] [org.gradle.cache.internal.DefaultFileLockManager] Releasing lock on daemon addresses registry.
2025-03-28T19:15:41.623+0900 [DEBUG] [org.gradle.cache.internal.DefaultFileLockManager] Waiting to acquire shared lock on daemon addresses registry.
2025-03-28T19:15:41.624+0900 [DEBUG] [org.gradle.cache.internal.DefaultFileLockManager] Lock acquired on daemon addresses registry.
2025-03-28T19:15:41.625+0900 [DEBUG] [org.gradle.cache.internal.DefaultFileLockManager] Releasing lock on daemon addresses registry.
2025-03-28T19:15:41.627+0900 [DEBUG] [org.gradle.cache.internal.DefaultFileLockManager] Waiting to acquire shared lock on daemon addresses registry.
2025-03-28T19:15:41.627+0900 [DEBUG] [org.gradle.cache.internal.DefaultFileLockManager] Lock acquired on daemon addresses registry.
2025-03-28T19:15:41.628+0900 [DEBUG] [org.gradle.cache.internal.DefaultFileLockManager] Releasing lock on daemon addresses registry.
2025-03-28T19:15:41.629+0900 [DEBUG] [org.gradle.cache.internal.DefaultFileLockManager] Waiting to acquire shared lock on daemon addresses registry.
2025-03-28T19:15:41.630+0900 [DEBUG] [org.gradle.cache.internal.DefaultFileLockManager] Lock acquired on daemon addresses registry.
2025-03-28T19:15:41.630+0900 [DEBUG] [org.gradle.cache.internal.DefaultFileLockManager] Releasing lock on daemon addresses registry.
